2022-07-16 14:49:45,846;Capella;5.2.0.202111301257;Open+Session;RAISE.aird;;
2022-07-16 14:49:50,551;Capella;5.2.0.202111301257;Open+Session;RAISE.aird;OK;
2022-07-16 14:49:56,556;Capella;5.2.0.202111301257;Open+Representation;;;
2022-07-16 14:49:58,962;Capella;5.2.0.202111301257;Open+Representation;;OK;
2022-07-16 15:12:39,696;Capella;5.2.0.202111301257;Open+Representation;;;
2022-07-16 15:12:40,084;Capella;5.2.0.202111301257;Open+Representation;;OK;
2022-07-16 15:12:42,300;Capella;5.2.0.202111301257;Open+Representation;;;
2022-07-16 15:12:43,137;Capella;5.2.0.202111301257;Open+Representation;;OK;
2022-07-16 15:12:45,039;Capella;5.2.0.202111301257;Open+Representation;;;
2022-07-16 15:12:45,139;Capella;5.2.0.202111301257;Open+Representation;;OK;
2022-07-16 15:12:47,180;Capella;5.2.0.202111301257;Open+Representation;;;
2022-07-16 15:12:47,549;Capella;5.2.0.202111301257;Open+Representation;;OK;
2022-07-16 20:19:37,375;Capella;5.2.0.202111301257;Open+Session;RAISE.aird;;
2022-07-16 20:19:41,931;Capella;5.2.0.202111301257;Open+Session;RAISE.aird;OK;
2022-07-16 20:19:47,526;Capella;5.2.0.202111301257;Open+Representation;;;
2022-07-16 20:19:49,798;Capella;5.2.0.202111301257;Open+Representation;;OK;
2022-07-16 21:05:23,702;Capella;5.2.0.202111301257;Open+Representation;;;
2022-07-16 21:05:24,872;Capella;5.2.0.202111301257;Open+Representation;;OK;
2022-07-16 21:05:29,182;Capella;5.2.0.202111301257;Open+Representation;;;
2022-07-16 21:05:29,537;Capella;5.2.0.202111301257;Open+Representation;;OK;
2022-07-16 21:05:35,525;Capella;5.2.0.202111301257;Open+Representation;;;
2022-07-16 21:05:35,924;Capella;5.2.0.202111301257;Open+Representation;;OK;
2022-07-16 21:12:18,034;Capella;5.2.0.202111301257;Open+Representation;;;
2022-07-16 21:12:18,120;Capella;5.2.0.202111301257;Open+Representation;;OK;
2022-07-16 23:38:39,272;Capella;5.2.0.202111301257;Validation;;;
2022-07-16 23:38:39,576;Capella;5.2.0.202111301257;Validation;;OK;
2022-07-16 23:52:41,635;Capella;5.2.0.202111301257;Open+Session;RAISE.aird;;
2022-07-16 23:52:46,901;Capella;5.2.0.202111301257;Open+Session;RAISE.aird;OK;
2022-07-16 23:52:53,106;Capella;5.2.0.202111301257;Open+Representation;;;
2022-07-16 23:52:56,071;Capella;5.2.0.202111301257;Open+Representation;;OK;
2022-07-23 18:40:10,480;Capella;5.2.0.202111301257;Transition;Functional+Transition;;
2022-07-23 18:46:11,143;Capella;5.2.0.202111301257;Transition;Functional+Transition;OK;
2022-07-23 18:53:52,256;Capella;5.2.0.202111301257;Open+Session;In-Flight+Entertainment+System.aird;;
2022-07-23 18:53:55,943;Capella;5.2.0.202111301257;Open+Session;In-Flight+Entertainment+System.aird;OK;
2022-07-23 18:54:09,979;Capella;5.2.0.202111301257;Open+Representation;;;
2022-07-23 18:54:10,922;Capella;5.2.0.202111301257;Open+Representation;;OK;
2022-07-23 18:54:29,495;Capella;5.2.0.202111301257;Open+Representation;;;
2022-07-23 18:54:29,978;Capella;5.2.0.202111301257;Open+Representation;;OK;
2022-07-23 18:55:27,526;Capella;5.2.0.202111301257;Open+Representation;;;
2022-07-23 18:55:28,051;Capella;5.2.0.202111301257;Open+Representation;;OK;
2022-07-23 18:59:00,592;Capella;5.2.0.202111301257;Open+Representation;;;
2022-07-23 18:59:01,443;Capella;5.2.0.202111301257;Open+Representation;;OK;
2022-07-23 18:59:03,244;Capella;5.2.0.202111301257;Open+Representation;;;
2022-07-23 18:59:03,597;Capella;5.2.0.202111301257;Open+Representation;;OK;
2022-07-23 18:59:04,767;Capella;5.2.0.202111301257;Open+Representation;;;
2022-07-23 18:59:05,147;Capella;5.2.0.202111301257;Open+Representation;;OK;
2022-07-23 18:59:06,872;Capella;5.2.0.202111301257;Open+Representation;;;
2022-07-23 18:59:07,297;Capella;5.2.0.202111301257;Open+Representation;;OK;
2022-07-23 18:59:44,419;Capella;5.2.0.202111301257;Open+Representation;;;
2022-07-23 18:59:44,729;Capella;5.2.0.202111301257;Open+Representation;;OK;
2022-07-23 19:02:56,612;Capella;5.2.0.202111301257;Open+Representation;;;
2022-07-23 19:02:56,886;Capella;5.2.0.202111301257;Open+Representation;;OK;
2022-07-23 19:06:29,967;Capella;5.2.0.202111301257;Open+Representation;;;
2022-07-23 19:06:30,277;Capella;5.2.0.202111301257;Open+Representation;;OK;
2022-07-23 19:32:08,674;Capella;5.2.0.202111301257;Open+Representation;;;
2022-07-23 19:32:09,087;Capella;5.2.0.202111301257;Open+Representation;;OK;
2022-07-23 19:32:11,632;Capella;5.2.0.202111301257;Open+Representation;;;
2022-07-23 19:32:12,006;Capella;5.2.0.202111301257;Open+Representation;;OK;
2022-07-23 19:39:03,760;Capella;5.2.0.202111301257;Open+Session;Level+Crossing+Traffic+Control.aird;;
2022-07-23 19:39:08,813;Capella;5.2.0.202111301257;Open+Session;Level+Crossing+Traffic+Control.aird;OK;
2022-07-23 19:40:18,362;Capella;5.2.0.202111301257;Open+Session;In-Flight+Entertainment+System.aird;;
2022-07-23 19:40:21,151;Capella;5.2.0.202111301257;Open+Session;In-Flight+Entertainment+System.aird;OK;
2022-07-23 19:41:17,113;Capella;5.2.0.202111301257;Close+Session;In-Flight+Entertainment+System.aird;;
2022-07-23 19:41:17,574;Capella;5.2.0.202111301257;Close+Session;In-Flight+Entertainment+System.aird;OK;
2022-07-23 19:41:21,153;Capella;5.2.0.202111301257;Close+Session;Level+Crossing+Traffic+Control.aird;;
2022-07-23 19:41:21,774;Capella;5.2.0.202111301257;Close+Session;Level+Crossing+Traffic+Control.aird;OK;
2022-07-23 19:48:10,324;Capella;5.2.0.202111301257;Open+Session;In-Flight+Entertainment+System.aird;;
2022-07-23 19:48:14,327;Capella;5.2.0.202111301257;Open+Session;In-Flight+Entertainment+System.aird;OK;
2022-07-23 19:49:11,021;Capella;5.2.0.202111301257;Open+Representation;;;
2022-07-23 19:49:13,147;Capella;5.2.0.202111301257;Open+Representation;;OK;
2022-07-23 19:50:00,145;Capella;5.2.0.202111301257;Open+Representation;;;
2022-07-23 19:50:00,541;Capella;5.2.0.202111301257;Open+Representation;;OK;
2022-07-23 19:51:31,172;Capella;5.2.0.202111301257;Create+Representation;Contextual+System+Actors;;54af5db5-b6e6-4ca4-9334-c8644b5e6645
2022-07-23 19:51:32,918;Capella;5.2.0.202111301257;Create+Representation;Contextual+System+Actors;OK;54af5db5-b6e6-4ca4-9334-c8644b5e6645
2022-07-23 19:53:43,929;Capella;5.2.0.202111301257;Create+Representation;System+Architecture+Blank;;ebdb598b-5655-4dee-9513-c0d7d74c236e
2022-07-23 19:53:57,698;Capella;5.2.0.202111301257;Create+Representation;System+Architecture+Blank;;ebdb598b-5655-4dee-9513-c0d7d74c236e
2022-07-23 19:53:57,752;Capella;5.2.0.202111301257;Create+Representation;System+Architecture+Blank;OK;ebdb598b-5655-4dee-9513-c0d7d74c236e
2022-07-23 19:53:58,268;Capella;5.2.0.202111301257;Create+Representation;System+Architecture+Blank;OK;ebdb598b-5655-4dee-9513-c0d7d74c236e
2022-07-23 19:54:28,355;Capella;5.2.0.202111301257;Open+Representation;;;
2022-07-23 19:54:29,090;Capella;5.2.0.202111301257;Open+Representation;;OK;
2022-07-30 11:56:28,002;Capella;5.2.0.202111301257;Close+Session;In-Flight+Entertainment+System.aird;;
2022-07-30 11:56:28,604;Capella;5.2.0.202111301257;Close+Session;In-Flight+Entertainment+System.aird;OK;
2022-07-30 11:59:53,431;Capella;5.2.0.202111301257;Transition;Functional+Transition;;
2022-07-30 12:00:36,327;Capella;5.2.0.202111301257;Transition;Functional+Transition;ERROR;
2022-07-30 12:01:27,153;Capella;5.2.0.202111301257;Transition;Functional+Transition;;
2022-07-30 12:01:38,970;Capella;5.2.0.202111301257;Transition;Functional+Transition;OK;
2022-07-30 12:02:34,648;Capella;5.2.0.202111301257;Transition;Capability+Transition;;
2022-07-30 12:02:38,915;Capella;5.2.0.202111301257;Transition;Capability+Transition;OK;
2022-07-30 12:02:55,732;Capella;5.2.0.202111301257;Transition;Operational+Entity+to+System+Actor+Transition;;
2022-07-30 12:03:12,564;Capella;5.2.0.202111301257;Transition;Operational+Entity+to+System+Actor+Transition;ERROR;
2022-07-30 12:06:44,451;Capella;5.2.0.202111301257;Open+Session;In-Flight+Entertainment+System.aird;;
2022-07-30 12:06:47,658;Capella;5.2.0.202111301257;Open+Session;In-Flight+Entertainment+System.aird;OK;
2022-07-30 12:07:04,092;Capella;5.2.0.202111301257;Open+Representation;;;
2022-07-30 12:07:04,958;Capella;5.2.0.202111301257;Open+Representation;;OK;
2022-07-30 12:07:07,852;Capella;5.2.0.202111301257;Open+Representation;;;
2022-07-30 12:07:08,198;Capella;5.2.0.202111301257;Open+Representation;;OK;
2022-07-30 12:09:46,424;Capella;5.2.0.202111301257;Validation;;;
2022-07-30 12:09:46,758;Capella;5.2.0.202111301257;Validation;;OK;
2022-07-30 12:10:03,562;Capella;5.2.0.202111301257;Validation;;;
2022-07-30 12:10:03,643;Capella;5.2.0.202111301257;Validation;;OK;
2022-07-30 12:21:41,003;Capella;5.2.0.202111301257;Transition;Operational+Entity+to+System+Actor+Transition;;
2022-07-30 12:22:56,624;Capella;5.2.0.202111301257;Transition;Operational+Entity+to+System+Actor+Transition;OK;
2022-07-30 12:23:04,376;Capella;5.2.0.202111301257;Transition;Operational+Entity+to+System+Actor+Transition;;
2022-07-30 12:23:18,727;Capella;5.2.0.202111301257;Transition;Operational+Entity+to+System+Actor+Transition;OK;
2022-07-30 12:23:23,363;Capella;5.2.0.202111301257;Transition;Operational+Entity+to+System+Actor+Transition;;
2022-07-30 12:27:13,509;Capella;5.2.0.202111301257;Transition;Operational+Entity+to+System+Actor+Transition;OK;
2022-07-30 15:22:33,808;Capella;5.2.0.202111301257;Create+Representation;System+Function+Breakdown;;869bdfda-557b-4329-a747-6c2beb964a6a
2022-07-30 15:22:44,777;Capella;5.2.0.202111301257;Create+Representation;System+Function+Breakdown;;869bdfda-557b-4329-a747-6c2beb964a6a
2022-07-30 15:22:44,911;Capella;5.2.0.202111301257;Create+Representation;System+Function+Breakdown;OK;869bdfda-557b-4329-a747-6c2beb964a6a
2022-07-30 15:22:45,763;Capella;5.2.0.202111301257;Create+Representation;System+Function+Breakdown;OK;869bdfda-557b-4329-a747-6c2beb964a6a
2022-07-30 16:47:39,626;Capella;5.2.0.202111301257;Create+Representation;Contextual+System+Actors;;54af5db5-b6e6-4ca4-9334-c8644b5e6645
2022-07-30 16:47:49,573;Capella;5.2.0.202111301257;Create+Representation;Contextual+System+Actors;;54af5db5-b6e6-4ca4-9334-c8644b5e6645
2022-07-30 16:47:49,773;Capella;5.2.0.202111301257;Create+Representation;Contextual+System+Actors;OK;54af5db5-b6e6-4ca4-9334-c8644b5e6645
2022-07-30 16:47:50,452;Capella;5.2.0.202111301257;Create+Representation;Contextual+System+Actors;OK;54af5db5-b6e6-4ca4-9334-c8644b5e6645
2022-07-30 18:24:46,876;Capella;5.2.0.202111301257;Create+Representation;System+Architecture+Blank;;ebdb598b-5655-4dee-9513-c0d7d74c236e
2022-07-30 18:24:56,026;Capella;5.2.0.202111301257;Create+Representation;System+Architecture+Blank;;ebdb598b-5655-4dee-9513-c0d7d74c236e
2022-07-30 18:24:56,079;Capella;5.2.0.202111301257;Create+Representation;System+Architecture+Blank;OK;ebdb598b-5655-4dee-9513-c0d7d74c236e
2022-07-30 18:24:56,730;Capella;5.2.0.202111301257;Create+Representation;System+Architecture+Blank;OK;ebdb598b-5655-4dee-9513-c0d7d74c236e
2022-07-30 18:31:19,035;Capella;5.2.0.202111301257;Open+Session;In-Flight+Entertainment+System.aird;;
2022-07-30 18:31:22,529;Capella;5.2.0.202111301257;Open+Session;In-Flight+Entertainment+System.aird;OK;
2022-07-30 18:31:28,670;Capella;5.2.0.202111301257;Open+Representation;;;
2022-07-30 18:31:29,367;Capella;5.2.0.202111301257;Open+Representation;;OK;
2022-07-30 18:31:30,683;Capella;5.2.0.202111301257;Open+Representation;;;
2022-07-30 18:31:31,230;Capella;5.2.0.202111301257;Open+Representation;;OK;
